[debug] [2023-01-09T17:02:25.901Z] ----------------------------------------------------------------------
[debug] [2023-01-09T17:02:25.905Z] Command:       C:\Program Files\nodejs\node.exe C:\Users\HP\AppData\Roaming\npm\node_modules\firebase-tools\lib\bin\firebase.js init
[debug] [2023-01-09T17:02:25.905Z] CLI Version:   11.0.1
[debug] [2023-01-09T17:02:25.906Z] Platform:      win32
[debug] [2023-01-09T17:02:25.906Z] Node Version:  v16.9.1
[debug] [2023-01-09T17:02:25.908Z] Time:          Mon Jan 09 2023 22:32:25 GMT+0530 (India Standard Time)
[debug] [2023-01-09T17:02:25.908Z] ----------------------------------------------------------------------
[debug] 
[debug] [2023-01-09T17:02:26.039Z] > command requires scopes: ["email","openid","https://www.googleapis.com/auth/cloudplatformprojects.readonly","https://www.googleapis.com/auth/firebase","https://www.googleapis.com/auth/cloud-platform"]
[debug] [2023-01-09T17:02:26.040Z] > authorizing via signed-in user (strong10mede@gmail.com)
[info] 
     ######## #### ########  ######## ########     ###     ######  ########
     ##        ##  ##     ## ##       ##     ##  ##   ##  ##       ##
     ######    ##  ########  ######   ########  #########  ######  ######
     ##        ##  ##    ##  ##       ##     ## ##     ##       ## ##
     ##       #### ##     ## ######## ########  ##     ##  ######  ########

You're about to initialize a Firebase project in this directory:

  C:\Users\HP\Desktop\React App\amazon-clone

Before we get started, keep in mind:

  * You are initializing within an existing Firebase project directory

